<?xml version="1.0" encoding="UTF-8"?>
<!-- Generated by org.testng.reporters.JUnitXMLReporter -->
<testsuite ignored="7" hostname="W-PF2TFBZ0" failures="3" tests="4" name="LLP_TEST" time="545.496" errors="0" timestamp="15 Feb 2022 04:58:00 GMT">
  <testcase classname="com.automation.framework.webTests.SanityTests" name="dsvSearchShipment" time="144.604">
    <failure type="org.openqa.selenium.TimeoutException" message="Expected condition failed: waiting for com.automation.framework.uicontrols.WebApTool$2@5cec63bc (tried for 80 second(s) with 10 milliseconds interval)">
      <![CDATA[org.openqa.selenium.TimeoutException: Expected condition failed: waiting for com.automation.framework.uicontrols.WebApTool$2@5cec63bc (tried for 80 second(s) with 10 milliseconds interval)
at org.openqa.selenium.support.ui.FluentWait.timeoutException(FluentWait.java:304)
at org.openqa.selenium.support.ui.FluentWait.until(FluentWait.java:272)
at com.automation.framework.uicontrols.WebApTool.findElement(WebApTool.java:107)
at com.automation.pageobjects.ShipmentManagementPage.search(ShipmentManagementPage.java:28)
at com.automation.framework.webTests.SanityTests.dsvSearchShipment(SanityTests.java:41)
at java.base/java.util.concurrent.FutureTask.run(FutureTask.java:264)
at java.base/java.util.concurrent.ThreadPoolExecutor.runWorker(ThreadPoolExecutor.java:1130)
at java.base/java.util.concurrent.ThreadPoolExecutor$Worker.run(ThreadPoolExecutor.java:630)
at java.base/java.lang.Thread.run(Thread.java:831)
Caused by: org.openqa.selenium.NoSuchElementException: no such element: Unable to locate element: {"method":"xpath","selector":"//div[text()=' ']/.."}
  (Session info: chrome=98.0.4758.82)
For documentation on this error, please visit: https://www.seleniumhq.org/exceptions/no_such_element.html
Build info: version: '3.141.59', revision: 'e82be7d358', time: '2018-11-14T08:17:03'
System info: host: 'W-PF2TFBZ0', ip: '192.168.1.6', os.name: 'Windows 10', os.arch: 'amd64', os.version: '10.0', java.version: '16.0.1'
Driver info: org.openqa.selenium.chrome.ChromeDriver
Capabilities {acceptInsecureCerts: false, browserName: chrome, browserVersion: 98.0.4758.82, chrome: {chromedriverVersion: 98.0.4758.80 (7f0488e8ba0d8..., userDataDir: C:\Users\JASPRE~1.KAU\AppDa...}, goog:chromeOptions: {debuggerAddress: localhost:55794}, javascriptEnabled: true, networkConnectionEnabled: false, pageLoadStrategy: normal, platform: WINDOWS, platformName: WINDOWS, proxy: Proxy(), setWindowRect: true, strictFileInteractability: false, timeouts: {implicit: 0, pageLoad: 300000, script: 30000}, unhandledPromptBehavior: dismiss and notify, webauthn:extension:credBlob: true, webauthn:extension:largeBlob: true, webauthn:virtualAuthenticators: true}
Session ID: 66aa20ea2f5ecb72611248e930bfc5e0
*** Element info: {Using=xpath, value=//div[text()=' ']/..}
at org.openqa.selenium.remote.http.W3CHttpResponseCodec.createException(W3CHttpResponseCodec.java:187)
at org.openqa.selenium.remote.http.W3CHttpResponseCodec.decode(W3CHttpResponseCodec.java:122)
at org.openqa.selenium.remote.http.W3CHttpResponseCodec.decode(W3CHttpResponseCodec.java:49)
at org.openqa.selenium.remote.HttpCommandExecutor.execute(HttpCommandExecutor.java:158)
at org.openqa.selenium.remote.service.DriverCommandExecutor.execute(DriverCommandExecutor.java:83)
at org.openqa.selenium.remote.RemoteWebDriver.execute(RemoteWebDriver.java:552)
at org.openqa.selenium.remote.RemoteWebDriver.findElement(RemoteWebDriver.java:323)
at org.openqa.selenium.remote.RemoteWebDriver.findElementByXPath(RemoteWebDriver.java:428)
at org.openqa.selenium.By$ByXPath.findElement(By.java:353)
at org.openqa.selenium.remote.RemoteWebDriver.findElement(RemoteWebDriver.java:315)
at com.automation.framework.uicontrols.WebApTool$2.apply(WebApTool.java:110)
at com.automation.framework.uicontrols.WebApTool$2.apply(WebApTool.java:1)
at org.openqa.selenium.support.ui.FluentWait.until(FluentWait.java:249)
... 23 more
... Removed 21 stack frames]]>
    </failure>
  </testcase> <!-- dsvSearchShipment -->
  <testcase classname="com.automation.framework.webTests.SanityTests" name="createShipment" time="121.294"/>
  <testcase classname="com.automation.framework.webTests.LoadConfirmation" name="loadConfirmationUpdate" time="139.044">
    <failure type="org.openqa.selenium.TimeoutException" message="Expected condition failed: waiting for com.automation.framework.uicontrols.WebApTool$2@13a4401d (tried for 80 second(s) with 10 milliseconds interval)">
      <![CDATA[org.openqa.selenium.TimeoutException: Expected condition failed: waiting for com.automation.framework.uicontrols.WebApTool$2@13a4401d (tried for 80 second(s) with 10 milliseconds interval)
at org.openqa.selenium.support.ui.FluentWait.timeoutException(FluentWait.java:304)
at org.openqa.selenium.support.ui.FluentWait.until(FluentWait.java:272)
at com.automation.framework.uicontrols.WebApTool.findElement(WebApTool.java:107)
at com.automation.pageobjects.LoadConfirmationPage.loadConfirmationSearch(LoadConfirmationPage.java:38)
at com.automation.framework.webTests.LoadConfirmation.loadConfirmationUpdate(LoadConfirmation.java:48)
at java.base/java.util.concurrent.FutureTask.run(FutureTask.java:264)
at java.base/java.util.concurrent.ThreadPoolExecutor.runWorker(ThreadPoolExecutor.java:1130)
at java.base/java.util.concurrent.ThreadPoolExecutor$Worker.run(ThreadPoolExecutor.java:630)
at java.base/java.lang.Thread.run(Thread.java:831)
Caused by: org.openqa.selenium.NoSuchElementException: no such element: Unable to locate element: {"method":"xpath","selector":"(//td[contains(@aria-label,'Column Load Id')])[1]"}
  (Session info: chrome=98.0.4758.82)
For documentation on this error, please visit: https://www.seleniumhq.org/exceptions/no_such_element.html
Build info: version: '3.141.59', revision: 'e82be7d358', time: '2018-11-14T08:17:03'
System info: host: 'W-PF2TFBZ0', ip: '192.168.1.6', os.name: 'Windows 10', os.arch: 'amd64', os.version: '10.0', java.version: '16.0.1'
Driver info: org.openqa.selenium.chrome.ChromeDriver
Capabilities {acceptInsecureCerts: false, browserName: chrome, browserVersion: 98.0.4758.82, chrome: {chromedriverVersion: 98.0.4758.80 (7f0488e8ba0d8..., userDataDir: C:\Users\JASPRE~1.KAU\AppDa...}, goog:chromeOptions: {debuggerAddress: localhost:50563}, javascriptEnabled: true, networkConnectionEnabled: false, pageLoadStrategy: normal, platform: WINDOWS, platformName: WINDOWS, proxy: Proxy(), setWindowRect: true, strictFileInteractability: false, timeouts: {implicit: 0, pageLoad: 300000, script: 30000}, unhandledPromptBehavior: dismiss and notify, webauthn:extension:credBlob: true, webauthn:extension:largeBlob: true, webauthn:virtualAuthenticators: true}
Session ID: 2bcc4e13c80d5737037f3d785554c4fd
*** Element info: {Using=xpath, value=(//td[contains(@aria-label,'Column Load Id')])[1]}
at org.openqa.selenium.remote.http.W3CHttpResponseCodec.createException(W3CHttpResponseCodec.java:187)
at org.openqa.selenium.remote.http.W3CHttpResponseCodec.decode(W3CHttpResponseCodec.java:122)
at org.openqa.selenium.remote.http.W3CHttpResponseCodec.decode(W3CHttpResponseCodec.java:49)
at org.openqa.selenium.remote.HttpCommandExecutor.execute(HttpCommandExecutor.java:158)
at org.openqa.selenium.remote.service.DriverCommandExecutor.execute(DriverCommandExecutor.java:83)
at org.openqa.selenium.remote.RemoteWebDriver.execute(RemoteWebDriver.java:552)
at org.openqa.selenium.remote.RemoteWebDriver.findElement(RemoteWebDriver.java:323)
at org.openqa.selenium.remote.RemoteWebDriver.findElementByXPath(RemoteWebDriver.java:428)
at org.openqa.selenium.By$ByXPath.findElement(By.java:353)
at org.openqa.selenium.remote.RemoteWebDriver.findElement(RemoteWebDriver.java:315)
at com.automation.framework.uicontrols.WebApTool$2.apply(WebApTool.java:110)
at com.automation.framework.uicontrols.WebApTool$2.apply(WebApTool.java:1)
at org.openqa.selenium.support.ui.FluentWait.until(FluentWait.java:249)
... 23 more
... Removed 21 stack frames]]>
    </failure>
  </testcase> <!-- loadConfirmationUpdate -->
  <testcase classname="com.automation.framework.webTests.BatchManagement" name="validateTriggerCashExtractBatches" time="130.428">
    <failure type="org.openqa.selenium.TimeoutException" message="Expected condition failed: waiting for com.automation.framework.uicontrols.WebApTool$2@6890c97 (tried for 80 second(s) with 10 milliseconds interval)">
      <![CDATA[org.openqa.selenium.TimeoutException: Expected condition failed: waiting for com.automation.framework.uicontrols.WebApTool$2@6890c97 (tried for 80 second(s) with 10 milliseconds interval)
at org.openqa.selenium.support.ui.FluentWait.timeoutException(FluentWait.java:304)
at org.openqa.selenium.support.ui.FluentWait.until(FluentWait.java:272)
at com.automation.framework.uicontrols.WebApTool.findElement(WebApTool.java:107)
at com.automation.pageobjects.BatchManagementPage.clickTriggerCashExtract(BatchManagementPage.java:26)
at com.automation.framework.webTests.BatchManagement.validateTriggerCashExtractBatches(BatchManagement.java:42)
at java.base/java.util.concurrent.FutureTask.run(FutureTask.java:264)
at java.base/java.util.concurrent.ThreadPoolExecutor.runWorker(ThreadPoolExecutor.java:1130)
at java.base/java.util.concurrent.ThreadPoolExecutor$Worker.run(ThreadPoolExecutor.java:630)
at java.base/java.lang.Thread.run(Thread.java:831)
Caused by: org.openqa.selenium.NoSuchElementException: no such element: Unable to locate element: {"method":"xpath","selector":"//a[text()='Trigger Cash Extract']"}
  (Session info: chrome=98.0.4758.82)
For documentation on this error, please visit: https://www.seleniumhq.org/exceptions/no_such_element.html
Build info: version: '3.141.59', revision: 'e82be7d358', time: '2018-11-14T08:17:03'
System info: host: 'W-PF2TFBZ0', ip: '192.168.1.6', os.name: 'Windows 10', os.arch: 'amd64', os.version: '10.0', java.version: '16.0.1'
Driver info: org.openqa.selenium.chrome.ChromeDriver
Capabilities {acceptInsecureCerts: false, browserName: chrome, browserVersion: 98.0.4758.82, chrome: {chromedriverVersion: 98.0.4758.80 (7f0488e8ba0d8..., userDataDir: C:\Users\JASPRE~1.KAU\AppDa...}, goog:chromeOptions: {debuggerAddress: localhost:50683}, javascriptEnabled: true, networkConnectionEnabled: false, pageLoadStrategy: normal, platform: WINDOWS, platformName: WINDOWS, proxy: Proxy(), setWindowRect: true, strictFileInteractability: false, timeouts: {implicit: 0, pageLoad: 300000, script: 30000}, unhandledPromptBehavior: dismiss and notify, webauthn:extension:credBlob: true, webauthn:extension:largeBlob: true, webauthn:virtualAuthenticators: true}
Session ID: 6cb0b83809821e05323a441ea6a12318
*** Element info: {Using=xpath, value=//a[text()='Trigger Cash Extract']}
at org.openqa.selenium.remote.http.W3CHttpResponseCodec.createException(W3CHttpResponseCodec.java:187)
at org.openqa.selenium.remote.http.W3CHttpResponseCodec.decode(W3CHttpResponseCodec.java:122)
at org.openqa.selenium.remote.http.W3CHttpResponseCodec.decode(W3CHttpResponseCodec.java:49)
at org.openqa.selenium.remote.HttpCommandExecutor.execute(HttpCommandExecutor.java:158)
at org.openqa.selenium.remote.service.DriverCommandExecutor.execute(DriverCommandExecutor.java:83)
at org.openqa.selenium.remote.RemoteWebDriver.execute(RemoteWebDriver.java:552)
at org.openqa.selenium.remote.RemoteWebDriver.findElement(RemoteWebDriver.java:323)
at org.openqa.selenium.remote.RemoteWebDriver.findElementByXPath(RemoteWebDriver.java:428)
at org.openqa.selenium.By$ByXPath.findElement(By.java:353)
at org.openqa.selenium.remote.RemoteWebDriver.findElement(RemoteWebDriver.java:315)
at com.automation.framework.uicontrols.WebApTool$2.apply(WebApTool.java:110)
at com.automation.framework.uicontrols.WebApTool$2.apply(WebApTool.java:1)
at org.openqa.selenium.support.ui.FluentWait.until(FluentWait.java:249)
... 23 more
... Removed 20 stack frames]]>
    </failure>
  </testcase> <!-- validateTriggerCashExtractBatches -->
  <testcase classname="com.automation.framework.basetest.BaseClass" name="@BeforeSuite beforeSuite" time="0.0">
    <ignored/>
  </testcase> <!-- @BeforeSuite beforeSuite -->
  <testcase classname="com.automation.framework.basetest.BaseClass" name="@BeforeSuite beforeSuite" time="0.0">
    <ignored/>
  </testcase> <!-- @BeforeSuite beforeSuite -->
  <testcase classname="com.automation.framework.webTests.SanityTests" name="createShipmentFromTemplate" time="0.0">
    <ignored/>
  </testcase> <!-- createShipmentFromTemplate -->
  <testcase classname="com.automation.framework.webTests.SanityTests" name="invoiceSearchNew" time="0.0">
    <ignored/>
  </testcase> <!-- invoiceSearchNew -->
  <testcase classname="com.automation.framework.webTests.SanityTests" name="invoiceSearch" time="0.0">
    <ignored/>
  </testcase> <!-- invoiceSearch -->
  <testcase classname="com.automation.framework.basetest.BaseClass" name="@AfterTest tearDown" time="0.0">
    <ignored/>
  </testcase> <!-- @AfterTest tearDown -->
  <testcase classname="com.automation.framework.basetest.BaseClass" name="@AfterTest tearDown" time="0.0">
    <ignored/>
  </testcase> <!-- @AfterTest tearDown -->
</testsuite> <!-- LLP_TEST -->
